<?xml version="1.0" encoding="UTF-8"?>
<!-- Generated by org.testng.reporters.JUnitReportReporter -->
<testsuite hostname="DESKTOP-EPI9SM6" failures="0" tests="3" name="api.testcases.storeTest" time="7.749" errors="0" timestamp="2023-07-21T20:34:15 IST" skipped="0">
  <testcase classname="api.testcases.storeTest" name="post_Str" time="5.376"/>
  <system-out/>
  <testcase classname="api.testcases.storeTest" name="get_Str" time="1.226"/>
  <system-out/>
  <testcase classname="api.testcases.storeTest" name="delete_Str" time="1.147"/>
  <system-out/>
</testsuite> <!-- api.testcases.storeTest -->
